<?xml version="1.0" encoding="UTF-8"?>
<testsuite xmlns:xsi="http://www.w3.org/2001/XMLSchema-instance" xsi:noNamespaceSchemaLocation="https://maven.apache.org/surefire/maven-surefire-plugin/xsd/surefire-test-report.xsd" name="smb.TestMybatis" time="0.28" tests="5" errors="0" skipped="0" failures="0">
  <properties>
    <property name="sun.desktop" value="windows"/>
    <property name="awt.toolkit" value="sun.awt.windows.WToolkit"/>
    <property name="file.encoding.pkg" value="sun.io"/>
    <property name="java.specification.version" value="1.8"/>
    <property name="sun.cpu.isalist" value="amd64"/>
    <property name="sun.jnu.encoding" value="GBK"/>
    <property name="java.class.path" value="D:\workspace_idea\JavaWeb\Web_Mybatis03\target\test-classes;D:\workspace_idea\JavaWeb\Web_Mybatis03\target\classes;D:\apache-maven\repository\junit\junit\4.11\junit-4.11.jar;D:\apache-maven\repository\org\hamcrest\hamcrest-core\1.3\hamcrest-core-1.3.jar;D:\apache-maven\repository\com\alibaba\druid\1.0.9\druid-1.0.9.jar;D:\JAVA\jre\..\lib\jconsole.jar;D:\JAVA\jre\..\lib\tools.jar;D:\apache-maven\repository\mysql\mysql-connector-java\5.1.6\mysql-connector-java-5.1.6.jar;D:\apache-maven\repository\javax\servlet\javax.servlet-api\3.1.0\javax.servlet-api-3.1.0.jar;D:\apache-maven\repository\org\mybatis\mybatis\3.5.3\mybatis-3.5.3.jar;D:\apache-maven\repository\org\projectlombok\lombok\1.18.10\lombok-1.18.10.jar;D:\apache-maven\repository\log4j\log4j\1.2.12\log4j-1.2.12.jar;D:\apache-maven\repository\org\slf4j\slf4j-api\1.6.6\slf4j-api-1.6.6.jar;D:\apache-maven\repository\org\slf4j\slf4j-log4j12\1.6.6\slf4j-log4j12-1.6.6.jar;"/>
    <property name="java.vm.vendor" value="Oracle Corporation"/>
    <property name="sun.arch.data.model" value="64"/>
    <property name="user.variant" value=""/>
    <property name="java.vendor.url" value="http://java.oracle.com/"/>
    <property name="user.timezone" value="Asia/Shanghai"/>
    <property name="java.vm.specification.version" value="1.8"/>
    <property name="os.name" value="Windows 10"/>
    <property name="user.country" value="CN"/>
    <property name="sun.java.launcher" value="SUN_STANDARD"/>
    <property name="sun.boot.library.path" value="D:\JAVA\jre\bin"/>
    <property name="sun.java.command" value="C:\Users\ADMINI~1\AppData\Local\Temp\surefire801529021549229044\surefirebooter5442369497516652122.jar C:\Users\Administrator\AppData\Local\Temp\surefire801529021549229044 2022-01-18T17-39-37_292-jvmRun1 surefire1657912387933064528tmp surefire_04096543299817747071tmp"/>
    <property name="surefire.test.class.path" value="D:\workspace_idea\JavaWeb\Web_Mybatis03\target\test-classes;D:\workspace_idea\JavaWeb\Web_Mybatis03\target\classes;D:\apache-maven\repository\junit\junit\4.11\junit-4.11.jar;D:\apache-maven\repository\org\hamcrest\hamcrest-core\1.3\hamcrest-core-1.3.jar;D:\apache-maven\repository\com\alibaba\druid\1.0.9\druid-1.0.9.jar;D:\JAVA\jre\..\lib\jconsole.jar;D:\JAVA\jre\..\lib\tools.jar;D:\apache-maven\repository\mysql\mysql-connector-java\5.1.6\mysql-connector-java-5.1.6.jar;D:\apache-maven\repository\javax\servlet\javax.servlet-api\3.1.0\javax.servlet-api-3.1.0.jar;D:\apache-maven\repository\org\mybatis\mybatis\3.5.3\mybatis-3.5.3.jar;D:\apache-maven\repository\org\projectlombok\lombok\1.18.10\lombok-1.18.10.jar;D:\apache-maven\repository\log4j\log4j\1.2.12\log4j-1.2.12.jar;D:\apache-maven\repository\org\slf4j\slf4j-api\1.6.6\slf4j-api-1.6.6.jar;D:\apache-maven\repository\org\slf4j\slf4j-log4j12\1.6.6\slf4j-log4j12-1.6.6.jar;"/>
    <property name="sun.cpu.endian" value="little"/>
    <property name="user.home" value="C:\Users\Administrator"/>
    <property name="user.language" value="zh"/>
    <property name="java.specification.vendor" value="Oracle Corporation"/>
    <property name="java.home" value="D:\JAVA\jre"/>
    <property name="basedir" value="D:\workspace_idea\JavaWeb\Web_Mybatis03"/>
    <property name="file.separator" value="\"/>
    <property name="line.separator" value="&#10;"/>
    <property name="java.vm.specification.vendor" value="Oracle Corporation"/>
    <property name="java.specification.name" value="Java Platform API Specification"/>
    <property name="java.awt.graphicsenv" value="sun.awt.Win32GraphicsEnvironment"/>
    <property name="surefire.real.class.path" value="C:\Users\ADMINI~1\AppData\Local\Temp\surefire801529021549229044\surefirebooter5442369497516652122.jar"/>
    <property name="sun.boot.class.path" value="D:\JAVA\jre\lib\resources.jar;D:\JAVA\jre\lib\rt.jar;D:\JAVA\jre\lib\sunrsasign.jar;D:\JAVA\jre\lib\jsse.jar;D:\JAVA\jre\lib\jce.jar;D:\JAVA\jre\lib\charsets.jar;D:\JAVA\jre\lib\jfr.jar;D:\JAVA\jre\classes"/>
    <property name="user.script" value=""/>
    <property name="sun.management.compiler" value="HotSpot 64-Bit Tiered Compilers"/>
    <property name="java.runtime.version" value="1.8.0_131-b11"/>
    <property name="user.name" value="Administrator"/>
    <property name="path.separator" value=";"/>
    <property name="os.version" value="10.0"/>
    <property name="java.endorsed.dirs" value="D:\JAVA\jre\lib\endorsed"/>
    <property name="java.runtime.name" value="Java(TM) SE Runtime Environment"/>
    <property name="file.encoding" value="GBK"/>
    <property name="java.vm.name" value="Java HotSpot(TM) 64-Bit Server VM"/>
    <property name="localRepository" value="D:\apache-maven\repository"/>
    <property name="java.vendor.url.bug" value="http://bugreport.sun.com/bugreport/"/>
    <property name="java.io.tmpdir" value="C:\Users\ADMINI~1\AppData\Local\Temp\"/>
    <property name="java.version" value="1.8.0_131"/>
    <property name="user.dir" value="D:\workspace_idea\JavaWeb\Web_Mybatis03"/>
    <property name="os.arch" value="amd64"/>
    <property name="java.vm.specification.name" value="Java Virtual Machine Specification"/>
    <property name="java.awt.printerjob" value="sun.awt.windows.WPrinterJob"/>
    <property name="sun.os.patch.level" value=""/>
    <property name="idea.version2019.3.3" value="true"/>
    <property name="java.library.path" value="D:\JAVA\jre\bin;C:\Windows\Sun\Java\bin;C:\Windows\system32;C:\Windows;C:\windows\system32;C:\windows;C:\windows\System32\Wbem;C:\windows\System32\WindowsPowerShell\v1.0\;C:\Program Files (x86)\NVIDIA Corporation\PhysX\Common;D:\MySQL Server 5.5\bin;D:\JAVA;D:\apache-maven\bin;C:\Users\Administrator\AppData\Local\Microsoft\WindowsApps;C:\Program Files\Bandizip\;H:\Microsoft VS Code\bin;."/>
    <property name="java.vm.info" value="mixed mode"/>
    <property name="java.vendor" value="Oracle Corporation"/>
    <property name="java.vm.version" value="25.131-b11"/>
    <property name="java.ext.dirs" value="D:\JAVA\jre\lib\ext;C:\Windows\Sun\Java\lib\ext"/>
    <property name="sun.io.unicode.encoding" value="UnicodeLittle"/>
    <property name="maven.repo.local" value="D:\apache-maven\repository"/>
    <property name="java.class.version" value="52.0"/>
  </properties>
  <testcase name="addUser" classname="smb.TestMybatis" time="0.049"/>
  <testcase name="searchById" classname="smb.TestMybatis" time="0.049"/>
  <testcase name="updateUser" classname="smb.TestMybatis" time="0.056"/>
  <testcase name="searchByUsername" classname="smb.TestMybatis" time="0.071"/>
  <testcase name="deleteById" classname="smb.TestMybatis" time="0.054"/>
</testsuite>